[2024-05-07T16:46:01.835+0000] {local_task_job_runner.py:120} INFO - ::group::Pre task execution logs
[2024-05-07T16:46:01.847+0000] {taskinstance.py:2076} INFO - Dependencies all met for dep_context=non-requeueable deps ti=<TaskInstance: sensor_sleep.wait_time scheduled__2024-05-07T16:45:00+00:00 [queued]>
[2024-05-07T16:46:01.852+0000] {taskinstance.py:2076} INFO - Dependencies all met for dep_context=requeueable deps ti=<TaskInstance: sensor_sleep.wait_time scheduled__2024-05-07T16:45:00+00:00 [queued]>
[2024-05-07T16:46:01.852+0000] {taskinstance.py:2306} INFO - Starting attempt 1 of 1
[2024-05-07T16:46:01.860+0000] {taskinstance.py:2330} INFO - Executing <Task(TimeDeltaSensor): wait_time> on 2024-05-07 16:45:00+00:00
[2024-05-07T16:46:01.865+0000] {standard_task_runner.py:63} INFO - Started process 1598 to run task
[2024-05-07T16:46:01.868+0000] {standard_task_runner.py:90} INFO - Running: ['***', 'tasks', 'run', 'sensor_sleep', 'wait_time', 'scheduled__2024-05-07T16:45:00+00:00', '--job-id', '94', '--raw', '--subdir', 'DAGS_FOLDER/sensor_sleep.py', '--cfg-path', '/tmp/tmpwsgvnev6']
[2024-05-07T16:46:01.871+0000] {standard_task_runner.py:91} INFO - Job 94: Subtask wait_time
[2024-05-07T16:46:01.904+0000] {task_command.py:426} INFO - Running <TaskInstance: sensor_sleep.wait_time scheduled__2024-05-07T16:45:00+00:00 [running]> on host d1aba41f8dcb
[2024-05-07T16:46:01.963+0000] {taskinstance.py:2648} INFO - Exporting env vars: AIRFLOW_CTX_DAG_OWNER='***' AIRFLOW_CTX_DAG_ID='sensor_sleep' AIRFLOW_CTX_TASK_ID='wait_time' AIRFLOW_CTX_EXECUTION_DATE='2024-05-07T16:45:00+00:00' AIRFLOW_CTX_TRY_NUMBER='1' AIRFLOW_CTX_DAG_RUN_ID='scheduled__2024-05-07T16:45:00+00:00'
[2024-05-07T16:46:01.964+0000] {taskinstance.py:430} INFO - ::endgroup::
[2024-05-07T16:46:01.968+0000] {time_delta.py:51} INFO - Checking if the time (2024-05-07 16:46:30+00:00) has come
[2024-05-07T16:46:06.969+0000] {time_delta.py:51} INFO - Checking if the time (2024-05-07 16:46:30+00:00) has come
[2024-05-07T16:46:11.970+0000] {time_delta.py:51} INFO - Checking if the time (2024-05-07 16:46:30+00:00) has come
[2024-05-07T16:46:16.972+0000] {time_delta.py:51} INFO - Checking if the time (2024-05-07 16:46:30+00:00) has come
[2024-05-07T16:46:21.977+0000] {time_delta.py:51} INFO - Checking if the time (2024-05-07 16:46:30+00:00) has come
[2024-05-07T16:46:26.979+0000] {time_delta.py:51} INFO - Checking if the time (2024-05-07 16:46:30+00:00) has come
[2024-05-07T16:46:31.980+0000] {time_delta.py:51} INFO - Checking if the time (2024-05-07 16:46:30+00:00) has come
[2024-05-07T16:46:31.980+0000] {base.py:294} INFO - Success criteria met. Exiting.
[2024-05-07T16:46:31.981+0000] {taskinstance.py:441} INFO - ::group::Post task execution logs
[2024-05-07T16:46:31.987+0000] {taskinstance.py:1206} INFO - Marking task as SUCCESS. dag_id=sensor_sleep, task_id=wait_time, run_id=scheduled__2024-05-07T16:45:00+00:00, execution_date=20240507T164500, start_date=20240507T164601, end_date=20240507T164631
[2024-05-07T16:46:32.002+0000] {local_task_job_runner.py:240} INFO - Task exited with return code 0
[2024-05-07T16:46:32.015+0000] {taskinstance.py:3498} INFO - 0 downstream tasks scheduled from follow-on schedule check
[2024-05-07T16:46:32.016+0000] {local_task_job_runner.py:222} INFO - ::endgroup::
