[2024-05-07T15:46:02.086+0000] {local_task_job_runner.py:120} INFO - ::group::Pre task execution logs
[2024-05-07T15:46:02.096+0000] {taskinstance.py:2076} INFO - Dependencies all met for dep_context=non-requeueable deps ti=<TaskInstance: sensor_sleep.wait_time scheduled__2024-05-07T15:45:00+00:00 [queued]>
[2024-05-07T15:46:02.100+0000] {taskinstance.py:2076} INFO - Dependencies all met for dep_context=requeueable deps ti=<TaskInstance: sensor_sleep.wait_time scheduled__2024-05-07T15:45:00+00:00 [queued]>
[2024-05-07T15:46:02.100+0000] {taskinstance.py:2306} INFO - Starting attempt 1 of 1
[2024-05-07T15:46:02.106+0000] {taskinstance.py:2330} INFO - Executing <Task(TimeDeltaSensor): wait_time> on 2024-05-07 15:45:00+00:00
[2024-05-07T15:46:02.109+0000] {standard_task_runner.py:63} INFO - Started process 632 to run task
[2024-05-07T15:46:02.111+0000] {standard_task_runner.py:90} INFO - Running: ['***', 'tasks', 'run', 'sensor_sleep', 'wait_time', 'scheduled__2024-05-07T15:45:00+00:00', '--job-id', '34', '--raw', '--subdir', 'DAGS_FOLDER/sensor_sleep.py', '--cfg-path', '/tmp/tmphl2ur1_o']
[2024-05-07T15:46:02.113+0000] {standard_task_runner.py:91} INFO - Job 34: Subtask wait_time
[2024-05-07T15:46:02.138+0000] {task_command.py:426} INFO - Running <TaskInstance: sensor_sleep.wait_time scheduled__2024-05-07T15:45:00+00:00 [running]> on host d1aba41f8dcb
[2024-05-07T15:46:02.180+0000] {taskinstance.py:2648} INFO - Exporting env vars: AIRFLOW_CTX_DAG_OWNER='***' AIRFLOW_CTX_DAG_ID='sensor_sleep' AIRFLOW_CTX_TASK_ID='wait_time' AIRFLOW_CTX_EXECUTION_DATE='2024-05-07T15:45:00+00:00' AIRFLOW_CTX_TRY_NUMBER='1' AIRFLOW_CTX_DAG_RUN_ID='scheduled__2024-05-07T15:45:00+00:00'
[2024-05-07T15:46:02.181+0000] {taskinstance.py:430} INFO - ::endgroup::
[2024-05-07T15:46:02.182+0000] {time_delta.py:51} INFO - Checking if the time (2024-05-07 15:46:30+00:00) has come
[2024-05-07T15:46:07.183+0000] {time_delta.py:51} INFO - Checking if the time (2024-05-07 15:46:30+00:00) has come
[2024-05-07T15:46:12.184+0000] {time_delta.py:51} INFO - Checking if the time (2024-05-07 15:46:30+00:00) has come
[2024-05-07T15:46:17.185+0000] {time_delta.py:51} INFO - Checking if the time (2024-05-07 15:46:30+00:00) has come
[2024-05-07T15:46:22.186+0000] {time_delta.py:51} INFO - Checking if the time (2024-05-07 15:46:30+00:00) has come
[2024-05-07T15:46:27.188+0000] {time_delta.py:51} INFO - Checking if the time (2024-05-07 15:46:30+00:00) has come
[2024-05-07T15:46:32.189+0000] {time_delta.py:51} INFO - Checking if the time (2024-05-07 15:46:30+00:00) has come
[2024-05-07T15:46:32.190+0000] {base.py:294} INFO - Success criteria met. Exiting.
[2024-05-07T15:46:32.190+0000] {taskinstance.py:441} INFO - ::group::Post task execution logs
[2024-05-07T15:46:32.196+0000] {taskinstance.py:1206} INFO - Marking task as SUCCESS. dag_id=sensor_sleep, task_id=wait_time, run_id=scheduled__2024-05-07T15:45:00+00:00, execution_date=20240507T154500, start_date=20240507T154602, end_date=20240507T154632
[2024-05-07T15:46:32.236+0000] {local_task_job_runner.py:240} INFO - Task exited with return code 0
[2024-05-07T15:46:32.249+0000] {taskinstance.py:3498} INFO - 0 downstream tasks scheduled from follow-on schedule check
[2024-05-07T15:46:32.250+0000] {local_task_job_runner.py:222} INFO - ::endgroup::
