[2024-05-07T16:45:01.458+0000] {local_task_job_runner.py:120} INFO - ::group::Pre task execution logs
[2024-05-07T16:45:01.469+0000] {taskinstance.py:2076} INFO - Dependencies all met for dep_context=non-requeueable deps ti=<TaskInstance: sensor_sleep.wait_time scheduled__2024-05-07T16:44:00+00:00 [queued]>
[2024-05-07T16:45:01.473+0000] {taskinstance.py:2076} INFO - Dependencies all met for dep_context=requeueable deps ti=<TaskInstance: sensor_sleep.wait_time scheduled__2024-05-07T16:44:00+00:00 [queued]>
[2024-05-07T16:45:01.474+0000] {taskinstance.py:2306} INFO - Starting attempt 1 of 1
[2024-05-07T16:45:01.480+0000] {taskinstance.py:2330} INFO - Executing <Task(TimeDeltaSensor): wait_time> on 2024-05-07 16:44:00+00:00
[2024-05-07T16:45:01.484+0000] {standard_task_runner.py:63} INFO - Started process 1581 to run task
[2024-05-07T16:45:01.486+0000] {standard_task_runner.py:90} INFO - Running: ['***', 'tasks', 'run', 'sensor_sleep', 'wait_time', 'scheduled__2024-05-07T16:44:00+00:00', '--job-id', '93', '--raw', '--subdir', 'DAGS_FOLDER/sensor_sleep.py', '--cfg-path', '/tmp/tmppku6vof5']
[2024-05-07T16:45:01.488+0000] {standard_task_runner.py:91} INFO - Job 93: Subtask wait_time
[2024-05-07T16:45:01.513+0000] {task_command.py:426} INFO - Running <TaskInstance: sensor_sleep.wait_time scheduled__2024-05-07T16:44:00+00:00 [running]> on host d1aba41f8dcb
[2024-05-07T16:45:01.621+0000] {taskinstance.py:2648} INFO - Exporting env vars: AIRFLOW_CTX_DAG_OWNER='***' AIRFLOW_CTX_DAG_ID='sensor_sleep' AIRFLOW_CTX_TASK_ID='wait_time' AIRFLOW_CTX_EXECUTION_DATE='2024-05-07T16:44:00+00:00' AIRFLOW_CTX_TRY_NUMBER='1' AIRFLOW_CTX_DAG_RUN_ID='scheduled__2024-05-07T16:44:00+00:00'
[2024-05-07T16:45:01.626+0000] {taskinstance.py:430} INFO - ::endgroup::
[2024-05-07T16:45:01.627+0000] {time_delta.py:51} INFO - Checking if the time (2024-05-07 16:45:30+00:00) has come
[2024-05-07T16:45:06.629+0000] {time_delta.py:51} INFO - Checking if the time (2024-05-07 16:45:30+00:00) has come
[2024-05-07T16:45:11.631+0000] {time_delta.py:51} INFO - Checking if the time (2024-05-07 16:45:30+00:00) has come
[2024-05-07T16:45:16.633+0000] {time_delta.py:51} INFO - Checking if the time (2024-05-07 16:45:30+00:00) has come
[2024-05-07T16:45:21.635+0000] {time_delta.py:51} INFO - Checking if the time (2024-05-07 16:45:30+00:00) has come
[2024-05-07T16:45:26.637+0000] {time_delta.py:51} INFO - Checking if the time (2024-05-07 16:45:30+00:00) has come
[2024-05-07T16:45:31.638+0000] {time_delta.py:51} INFO - Checking if the time (2024-05-07 16:45:30+00:00) has come
[2024-05-07T16:45:31.639+0000] {base.py:294} INFO - Success criteria met. Exiting.
[2024-05-07T16:45:31.639+0000] {taskinstance.py:441} INFO - ::group::Post task execution logs
[2024-05-07T16:45:31.653+0000] {taskinstance.py:1206} INFO - Marking task as SUCCESS. dag_id=sensor_sleep, task_id=wait_time, run_id=scheduled__2024-05-07T16:44:00+00:00, execution_date=20240507T164400, start_date=20240507T164501, end_date=20240507T164531
[2024-05-07T16:45:31.702+0000] {local_task_job_runner.py:240} INFO - Task exited with return code 0
[2024-05-07T16:45:31.728+0000] {taskinstance.py:3498} INFO - 0 downstream tasks scheduled from follow-on schedule check
[2024-05-07T16:45:31.728+0000] {local_task_job_runner.py:222} INFO - ::endgroup::
