[2024-05-07T15:39:17.075+0000] {local_task_job_runner.py:120} INFO - ::group::Pre task execution logs
[2024-05-07T15:39:17.089+0000] {taskinstance.py:2076} INFO - Dependencies all met for dep_context=non-requeueable deps ti=<TaskInstance: sensor_sleep.wait_time manual__2024-05-07T15:39:14.324871+00:00 [queued]>
[2024-05-07T15:39:17.095+0000] {taskinstance.py:2076} INFO - Dependencies all met for dep_context=requeueable deps ti=<TaskInstance: sensor_sleep.wait_time manual__2024-05-07T15:39:14.324871+00:00 [queued]>
[2024-05-07T15:39:17.095+0000] {taskinstance.py:2306} INFO - Starting attempt 1 of 1
[2024-05-07T15:39:17.103+0000] {taskinstance.py:2330} INFO - Executing <Task(TimeDeltaSensor): wait_time> on 2024-05-07 15:39:14.324871+00:00
[2024-05-07T15:39:17.106+0000] {standard_task_runner.py:63} INFO - Started process 515 to run task
[2024-05-07T15:39:17.108+0000] {standard_task_runner.py:90} INFO - Running: ['***', 'tasks', 'run', 'sensor_sleep', 'wait_time', 'manual__2024-05-07T15:39:14.324871+00:00', '--job-id', '24', '--raw', '--subdir', 'DAGS_FOLDER/sensor_sleep.py', '--cfg-path', '/tmp/tmpqxwxxhed']
[2024-05-07T15:39:17.111+0000] {standard_task_runner.py:91} INFO - Job 24: Subtask wait_time
[2024-05-07T15:39:17.146+0000] {task_command.py:426} INFO - Running <TaskInstance: sensor_sleep.wait_time manual__2024-05-07T15:39:14.324871+00:00 [running]> on host d1aba41f8dcb
[2024-05-07T15:39:17.208+0000] {taskinstance.py:2648} INFO - Exporting env vars: AIRFLOW_CTX_DAG_OWNER='***' AIRFLOW_CTX_DAG_ID='sensor_sleep' AIRFLOW_CTX_TASK_ID='wait_time' AIRFLOW_CTX_EXECUTION_DATE='2024-05-07T15:39:14.324871+00:00' AIRFLOW_CTX_TRY_NUMBER='1' AIRFLOW_CTX_DAG_RUN_ID='manual__2024-05-07T15:39:14.324871+00:00'
[2024-05-07T15:39:17.211+0000] {taskinstance.py:430} INFO - ::endgroup::
[2024-05-07T15:39:17.212+0000] {time_delta.py:51} INFO - Checking if the time (2024-05-07 15:39:30+00:00) has come
[2024-05-07T15:39:22.214+0000] {time_delta.py:51} INFO - Checking if the time (2024-05-07 15:39:30+00:00) has come
[2024-05-07T15:39:27.215+0000] {time_delta.py:51} INFO - Checking if the time (2024-05-07 15:39:30+00:00) has come
[2024-05-07T15:39:32.221+0000] {time_delta.py:51} INFO - Checking if the time (2024-05-07 15:39:30+00:00) has come
[2024-05-07T15:39:32.222+0000] {base.py:294} INFO - Success criteria met. Exiting.
[2024-05-07T15:39:32.222+0000] {taskinstance.py:441} INFO - ::group::Post task execution logs
[2024-05-07T15:39:32.229+0000] {taskinstance.py:1206} INFO - Marking task as SUCCESS. dag_id=sensor_sleep, task_id=wait_time, run_id=manual__2024-05-07T15:39:14.324871+00:00, execution_date=20240507T153914, start_date=20240507T153917, end_date=20240507T153932
[2024-05-07T15:39:32.247+0000] {local_task_job_runner.py:240} INFO - Task exited with return code 0
[2024-05-07T15:39:32.262+0000] {taskinstance.py:3498} INFO - 0 downstream tasks scheduled from follow-on schedule check
[2024-05-07T15:39:32.263+0000] {local_task_job_runner.py:222} INFO - ::endgroup::
