[2024-05-07T16:15:02.253+0000] {local_task_job_runner.py:120} INFO - ::group::Pre task execution logs
[2024-05-07T16:15:02.263+0000] {taskinstance.py:2076} INFO - Dependencies all met for dep_context=non-requeueable deps ti=<TaskInstance: sensor_sleep.wait_time scheduled__2024-05-07T16:14:00+00:00 [queued]>
[2024-05-07T16:15:02.267+0000] {taskinstance.py:2076} INFO - Dependencies all met for dep_context=requeueable deps ti=<TaskInstance: sensor_sleep.wait_time scheduled__2024-05-07T16:14:00+00:00 [queued]>
[2024-05-07T16:15:02.270+0000] {taskinstance.py:2306} INFO - Starting attempt 1 of 1
[2024-05-07T16:15:02.276+0000] {taskinstance.py:2330} INFO - Executing <Task(TimeDeltaSensor): wait_time> on 2024-05-07 16:14:00+00:00
[2024-05-07T16:15:02.279+0000] {standard_task_runner.py:63} INFO - Started process 1099 to run task
[2024-05-07T16:15:02.282+0000] {standard_task_runner.py:90} INFO - Running: ['***', 'tasks', 'run', 'sensor_sleep', 'wait_time', 'scheduled__2024-05-07T16:14:00+00:00', '--job-id', '63', '--raw', '--subdir', 'DAGS_FOLDER/sensor_sleep.py', '--cfg-path', '/tmp/tmp8i3jr55n']
[2024-05-07T16:15:02.285+0000] {standard_task_runner.py:91} INFO - Job 63: Subtask wait_time
[2024-05-07T16:15:02.319+0000] {task_command.py:426} INFO - Running <TaskInstance: sensor_sleep.wait_time scheduled__2024-05-07T16:14:00+00:00 [running]> on host d1aba41f8dcb
[2024-05-07T16:15:02.371+0000] {taskinstance.py:2648} INFO - Exporting env vars: AIRFLOW_CTX_DAG_OWNER='***' AIRFLOW_CTX_DAG_ID='sensor_sleep' AIRFLOW_CTX_TASK_ID='wait_time' AIRFLOW_CTX_EXECUTION_DATE='2024-05-07T16:14:00+00:00' AIRFLOW_CTX_TRY_NUMBER='1' AIRFLOW_CTX_DAG_RUN_ID='scheduled__2024-05-07T16:14:00+00:00'
[2024-05-07T16:15:02.372+0000] {taskinstance.py:430} INFO - ::endgroup::
[2024-05-07T16:15:02.373+0000] {time_delta.py:51} INFO - Checking if the time (2024-05-07 16:15:30+00:00) has come
[2024-05-07T16:15:07.375+0000] {time_delta.py:51} INFO - Checking if the time (2024-05-07 16:15:30+00:00) has come
[2024-05-07T16:15:12.377+0000] {time_delta.py:51} INFO - Checking if the time (2024-05-07 16:15:30+00:00) has come
[2024-05-07T16:15:17.380+0000] {time_delta.py:51} INFO - Checking if the time (2024-05-07 16:15:30+00:00) has come
[2024-05-07T16:15:22.381+0000] {time_delta.py:51} INFO - Checking if the time (2024-05-07 16:15:30+00:00) has come
[2024-05-07T16:15:27.383+0000] {time_delta.py:51} INFO - Checking if the time (2024-05-07 16:15:30+00:00) has come
[2024-05-07T16:15:32.385+0000] {time_delta.py:51} INFO - Checking if the time (2024-05-07 16:15:30+00:00) has come
[2024-05-07T16:15:32.385+0000] {base.py:294} INFO - Success criteria met. Exiting.
[2024-05-07T16:15:32.385+0000] {taskinstance.py:441} INFO - ::group::Post task execution logs
[2024-05-07T16:15:32.394+0000] {taskinstance.py:1206} INFO - Marking task as SUCCESS. dag_id=sensor_sleep, task_id=wait_time, run_id=scheduled__2024-05-07T16:14:00+00:00, execution_date=20240507T161400, start_date=20240507T161502, end_date=20240507T161532
[2024-05-07T16:15:32.413+0000] {local_task_job_runner.py:240} INFO - Task exited with return code 0
[2024-05-07T16:15:32.433+0000] {taskinstance.py:3498} INFO - 0 downstream tasks scheduled from follow-on schedule check
[2024-05-07T16:15:32.434+0000] {local_task_job_runner.py:222} INFO - ::endgroup::
