[2024-05-07T15:39:29.978+0000] {local_task_job_runner.py:120} INFO - ::group::Pre task execution logs
[2024-05-07T15:39:29.991+0000] {taskinstance.py:2076} INFO - Dependencies all met for dep_context=non-requeueable deps ti=<TaskInstance: sensor_dag.wait_dag manual__2024-05-07T15:39:28.404186+00:00 [queued]>
[2024-05-07T15:39:29.997+0000] {taskinstance.py:2076} INFO - Dependencies all met for dep_context=requeueable deps ti=<TaskInstance: sensor_dag.wait_dag manual__2024-05-07T15:39:28.404186+00:00 [queued]>
[2024-05-07T15:39:29.997+0000] {taskinstance.py:2306} INFO - Starting attempt 1 of 1
[2024-05-07T15:39:30.005+0000] {taskinstance.py:2330} INFO - Executing <Task(ExternalTaskSensor): wait_dag> on 2024-05-07 15:39:28.404186+00:00
[2024-05-07T15:39:30.010+0000] {standard_task_runner.py:63} INFO - Started process 526 to run task
[2024-05-07T15:39:30.013+0000] {standard_task_runner.py:90} INFO - Running: ['***', 'tasks', 'run', 'sensor_dag', 'wait_dag', 'manual__2024-05-07T15:39:28.404186+00:00', '--job-id', '26', '--raw', '--subdir', 'DAGS_FOLDER/sensor_dag.py', '--cfg-path', '/tmp/tmpghkspfvc']
[2024-05-07T15:39:30.016+0000] {standard_task_runner.py:91} INFO - Job 26: Subtask wait_dag
[2024-05-07T15:39:30.057+0000] {task_command.py:426} INFO - Running <TaskInstance: sensor_dag.wait_dag manual__2024-05-07T15:39:28.404186+00:00 [running]> on host d1aba41f8dcb
[2024-05-07T15:39:30.116+0000] {taskinstance.py:2648} INFO - Exporting env vars: AIRFLOW_CTX_DAG_OWNER='***' AIRFLOW_CTX_DAG_ID='sensor_dag' AIRFLOW_CTX_TASK_ID='wait_dag' AIRFLOW_CTX_EXECUTION_DATE='2024-05-07T15:39:28.404186+00:00' AIRFLOW_CTX_TRY_NUMBER='1' AIRFLOW_CTX_DAG_RUN_ID='manual__2024-05-07T15:39:28.404186+00:00'
[2024-05-07T15:39:30.117+0000] {taskinstance.py:430} INFO - ::endgroup::
[2024-05-07T15:39:30.117+0000] {baseoperator.py:399} WARNING - ExternalTaskSensor.execute cannot be called outside TaskInstance!
[2024-05-07T15:39:30.119+0000] {external_task.py:258} INFO - Poking for tasks ['end_task'] in dag sensor_sleep on 2024-05-07T15:39:00+00:00 ... 
[2024-05-07T15:39:30.119+0000] {warnings.py:110} WARNING - /home/***/.local/lib/python3.11/site-packages/***/utils/session.py:79: DeprecationWarning: This method is deprecated and will be removed in future.
  return func(*args, session=session, **kwargs)

[2024-05-07T15:39:35.127+0000] {external_task.py:258} INFO - Poking for tasks ['end_task'] in dag sensor_sleep on 2024-05-07T15:39:00+00:00 ... 
[2024-05-07T15:39:40.139+0000] {external_task.py:258} INFO - Poking for tasks ['end_task'] in dag sensor_sleep on 2024-05-07T15:39:00+00:00 ... 
[2024-05-07T15:39:45.147+0000] {external_task.py:258} INFO - Poking for tasks ['end_task'] in dag sensor_sleep on 2024-05-07T15:39:00+00:00 ... 
[2024-05-07T15:39:50.154+0000] {external_task.py:258} INFO - Poking for tasks ['end_task'] in dag sensor_sleep on 2024-05-07T15:39:00+00:00 ... 
[2024-05-07T15:39:55.161+0000] {external_task.py:258} INFO - Poking for tasks ['end_task'] in dag sensor_sleep on 2024-05-07T15:39:00+00:00 ... 
[2024-05-07T15:40:00.168+0000] {external_task.py:258} INFO - Poking for tasks ['end_task'] in dag sensor_sleep on 2024-05-07T15:39:00+00:00 ... 
[2024-05-07T15:40:05.173+0000] {external_task.py:258} INFO - Poking for tasks ['end_task'] in dag sensor_sleep on 2024-05-07T15:39:00+00:00 ... 
[2024-05-07T15:40:10.181+0000] {external_task.py:258} INFO - Poking for tasks ['end_task'] in dag sensor_sleep on 2024-05-07T15:39:00+00:00 ... 
[2024-05-07T15:40:15.189+0000] {external_task.py:258} INFO - Poking for tasks ['end_task'] in dag sensor_sleep on 2024-05-07T15:39:00+00:00 ... 
[2024-05-07T15:40:20.196+0000] {external_task.py:258} INFO - Poking for tasks ['end_task'] in dag sensor_sleep on 2024-05-07T15:39:00+00:00 ... 
[2024-05-07T15:40:25.202+0000] {external_task.py:258} INFO - Poking for tasks ['end_task'] in dag sensor_sleep on 2024-05-07T15:39:00+00:00 ... 
[2024-05-07T15:40:30.208+0000] {external_task.py:258} INFO - Poking for tasks ['end_task'] in dag sensor_sleep on 2024-05-07T15:39:00+00:00 ... 
[2024-05-07T15:40:35.214+0000] {external_task.py:258} INFO - Poking for tasks ['end_task'] in dag sensor_sleep on 2024-05-07T15:39:00+00:00 ... 
[2024-05-07T15:40:35.221+0000] {base.py:294} INFO - Success criteria met. Exiting.
[2024-05-07T15:40:35.221+0000] {taskinstance.py:441} INFO - ::group::Post task execution logs
[2024-05-07T15:40:35.229+0000] {taskinstance.py:1206} INFO - Marking task as SUCCESS. dag_id=sensor_dag, task_id=wait_dag, run_id=manual__2024-05-07T15:39:28.404186+00:00, execution_date=20240507T153928, start_date=20240507T153929, end_date=20240507T154035
[2024-05-07T15:40:35.262+0000] {local_task_job_runner.py:240} INFO - Task exited with return code 0
[2024-05-07T15:40:35.284+0000] {taskinstance.py:3498} INFO - 0 downstream tasks scheduled from follow-on schedule check
[2024-05-07T15:40:35.285+0000] {local_task_job_runner.py:222} INFO - ::endgroup::
