[2024-05-07T15:59:01.991+0000] {local_task_job_runner.py:120} INFO - ::group::Pre task execution logs
[2024-05-07T15:59:02.004+0000] {taskinstance.py:2076} INFO - Dependencies all met for dep_context=non-requeueable deps ti=<TaskInstance: sensor_sleep.wait_time scheduled__2024-05-07T15:58:00+00:00 [queued]>
[2024-05-07T15:59:02.008+0000] {taskinstance.py:2076} INFO - Dependencies all met for dep_context=requeueable deps ti=<TaskInstance: sensor_sleep.wait_time scheduled__2024-05-07T15:58:00+00:00 [queued]>
[2024-05-07T15:59:02.009+0000] {taskinstance.py:2306} INFO - Starting attempt 1 of 1
[2024-05-07T15:59:02.015+0000] {taskinstance.py:2330} INFO - Executing <Task(TimeDeltaSensor): wait_time> on 2024-05-07 15:58:00+00:00
[2024-05-07T15:59:02.018+0000] {standard_task_runner.py:63} INFO - Started process 845 to run task
[2024-05-07T15:59:02.020+0000] {standard_task_runner.py:90} INFO - Running: ['***', 'tasks', 'run', 'sensor_sleep', 'wait_time', 'scheduled__2024-05-07T15:58:00+00:00', '--job-id', '47', '--raw', '--subdir', 'DAGS_FOLDER/sensor_sleep.py', '--cfg-path', '/tmp/tmpxsp1hlvn']
[2024-05-07T15:59:02.023+0000] {standard_task_runner.py:91} INFO - Job 47: Subtask wait_time
[2024-05-07T15:59:02.048+0000] {task_command.py:426} INFO - Running <TaskInstance: sensor_sleep.wait_time scheduled__2024-05-07T15:58:00+00:00 [running]> on host d1aba41f8dcb
[2024-05-07T15:59:02.095+0000] {taskinstance.py:2648} INFO - Exporting env vars: AIRFLOW_CTX_DAG_OWNER='***' AIRFLOW_CTX_DAG_ID='sensor_sleep' AIRFLOW_CTX_TASK_ID='wait_time' AIRFLOW_CTX_EXECUTION_DATE='2024-05-07T15:58:00+00:00' AIRFLOW_CTX_TRY_NUMBER='1' AIRFLOW_CTX_DAG_RUN_ID='scheduled__2024-05-07T15:58:00+00:00'
[2024-05-07T15:59:02.096+0000] {taskinstance.py:430} INFO - ::endgroup::
[2024-05-07T15:59:02.097+0000] {time_delta.py:51} INFO - Checking if the time (2024-05-07 15:59:30+00:00) has come
[2024-05-07T15:59:07.097+0000] {time_delta.py:51} INFO - Checking if the time (2024-05-07 15:59:30+00:00) has come
[2024-05-07T15:59:12.101+0000] {time_delta.py:51} INFO - Checking if the time (2024-05-07 15:59:30+00:00) has come
[2024-05-07T15:59:17.103+0000] {time_delta.py:51} INFO - Checking if the time (2024-05-07 15:59:30+00:00) has come
[2024-05-07T15:59:22.105+0000] {time_delta.py:51} INFO - Checking if the time (2024-05-07 15:59:30+00:00) has come
[2024-05-07T15:59:27.106+0000] {time_delta.py:51} INFO - Checking if the time (2024-05-07 15:59:30+00:00) has come
[2024-05-07T15:59:32.107+0000] {time_delta.py:51} INFO - Checking if the time (2024-05-07 15:59:30+00:00) has come
[2024-05-07T15:59:32.108+0000] {base.py:294} INFO - Success criteria met. Exiting.
[2024-05-07T15:59:32.108+0000] {taskinstance.py:441} INFO - ::group::Post task execution logs
[2024-05-07T15:59:32.116+0000] {taskinstance.py:1206} INFO - Marking task as SUCCESS. dag_id=sensor_sleep, task_id=wait_time, run_id=scheduled__2024-05-07T15:58:00+00:00, execution_date=20240507T155800, start_date=20240507T155902, end_date=20240507T155932
[2024-05-07T15:59:32.132+0000] {local_task_job_runner.py:240} INFO - Task exited with return code 0
[2024-05-07T15:59:32.150+0000] {taskinstance.py:3498} INFO - 0 downstream tasks scheduled from follow-on schedule check
[2024-05-07T15:59:32.151+0000] {local_task_job_runner.py:222} INFO - ::endgroup::
