[2024-05-07T16:57:01.064+0000] {local_task_job_runner.py:120} INFO - ::group::Pre task execution logs
[2024-05-07T16:57:01.075+0000] {taskinstance.py:2076} INFO - Dependencies all met for dep_context=non-requeueable deps ti=<TaskInstance: sensor_sleep.wait_time scheduled__2024-05-07T16:56:00+00:00 [queued]>
[2024-05-07T16:57:01.079+0000] {taskinstance.py:2076} INFO - Dependencies all met for dep_context=requeueable deps ti=<TaskInstance: sensor_sleep.wait_time scheduled__2024-05-07T16:56:00+00:00 [queued]>
[2024-05-07T16:57:01.079+0000] {taskinstance.py:2306} INFO - Starting attempt 1 of 1
[2024-05-07T16:57:01.085+0000] {taskinstance.py:2330} INFO - Executing <Task(TimeDeltaSensor): wait_time> on 2024-05-07 16:56:00+00:00
[2024-05-07T16:57:01.088+0000] {standard_task_runner.py:63} INFO - Started process 1778 to run task
[2024-05-07T16:57:01.090+0000] {standard_task_runner.py:90} INFO - Running: ['***', 'tasks', 'run', 'sensor_sleep', 'wait_time', 'scheduled__2024-05-07T16:56:00+00:00', '--job-id', '105', '--raw', '--subdir', 'DAGS_FOLDER/sensor_sleep.py', '--cfg-path', '/tmp/tmp6v7m23ie']
[2024-05-07T16:57:01.092+0000] {standard_task_runner.py:91} INFO - Job 105: Subtask wait_time
[2024-05-07T16:57:01.118+0000] {task_command.py:426} INFO - Running <TaskInstance: sensor_sleep.wait_time scheduled__2024-05-07T16:56:00+00:00 [running]> on host d1aba41f8dcb
[2024-05-07T16:57:01.164+0000] {taskinstance.py:2648} INFO - Exporting env vars: AIRFLOW_CTX_DAG_OWNER='***' AIRFLOW_CTX_DAG_ID='sensor_sleep' AIRFLOW_CTX_TASK_ID='wait_time' AIRFLOW_CTX_EXECUTION_DATE='2024-05-07T16:56:00+00:00' AIRFLOW_CTX_TRY_NUMBER='1' AIRFLOW_CTX_DAG_RUN_ID='scheduled__2024-05-07T16:56:00+00:00'
[2024-05-07T16:57:01.166+0000] {taskinstance.py:430} INFO - ::endgroup::
[2024-05-07T16:57:01.166+0000] {time_delta.py:51} INFO - Checking if the time (2024-05-07 16:57:30+00:00) has come
[2024-05-07T16:57:06.167+0000] {time_delta.py:51} INFO - Checking if the time (2024-05-07 16:57:30+00:00) has come
[2024-05-07T16:57:11.168+0000] {time_delta.py:51} INFO - Checking if the time (2024-05-07 16:57:30+00:00) has come
[2024-05-07T16:57:16.170+0000] {time_delta.py:51} INFO - Checking if the time (2024-05-07 16:57:30+00:00) has come
[2024-05-07T16:57:21.171+0000] {time_delta.py:51} INFO - Checking if the time (2024-05-07 16:57:30+00:00) has come
[2024-05-07T16:57:26.172+0000] {time_delta.py:51} INFO - Checking if the time (2024-05-07 16:57:30+00:00) has come
[2024-05-07T16:57:31.173+0000] {time_delta.py:51} INFO - Checking if the time (2024-05-07 16:57:30+00:00) has come
[2024-05-07T16:57:31.174+0000] {base.py:294} INFO - Success criteria met. Exiting.
[2024-05-07T16:57:31.174+0000] {taskinstance.py:441} INFO - ::group::Post task execution logs
[2024-05-07T16:57:31.186+0000] {taskinstance.py:1206} INFO - Marking task as SUCCESS. dag_id=sensor_sleep, task_id=wait_time, run_id=scheduled__2024-05-07T16:56:00+00:00, execution_date=20240507T165600, start_date=20240507T165701, end_date=20240507T165731
[2024-05-07T16:57:31.201+0000] {local_task_job_runner.py:240} INFO - Task exited with return code 0
[2024-05-07T16:57:31.220+0000] {taskinstance.py:3498} INFO - 0 downstream tasks scheduled from follow-on schedule check
[2024-05-07T16:57:31.221+0000] {local_task_job_runner.py:222} INFO - ::endgroup::
